<?xml version="1.0" encoding="utf-8" ?>
<!DOCTYPE html PUBLIC "-//W3C//DTD XHTML 1.0 Strict//EN"
        "http://www.w3.org/TR/xhtml1/DTD/xhtml1-strict.dtd">
<html xmlns="http://www.w3.org/1999/xhtml" xml:lang="" lang="">
<head>
  <title>Test Results Report - PC.DS Testing for TEST</title>
  <meta http-equiv="Content-Type" content="text/html;charset=utf-8" />
  <meta name="description" content="TestNG unit test results." />
  <link href="reportng.css" rel="stylesheet" type="text/css" />
    <script type="text/javascript" src="reportng.js"></script>
</head>
<body>
<h1>PC.DS Testing for TEST</h1>
<p>
  Test duration: 0.003s
</p>

  <table class="resultsTable configTable">
    <tr><th colspan="3" class="header failedConfig">Failed Configuration</th></tr>
              <tr class="group">
        <td colspan="3">com.ds.test.testcases.PC.newCarOrder.testCreateOrder_PC</td>
      </tr>
            
<tr>
  <td class="method">
                  setUp
      </td>
  <td class="duration">
    0.000s
  </td>
  <td class="result">
        
          <i>Method arguments: </i><span class="arguments">"http://www.ds.cn/", "18520154073", "111111"</span><br />
    
        

        <a href="javascript:toggleElement('exception-0', 'block')" title="Click to expand/collapse"><b>org.openqa.selenium.WebDriverException: Failed to connect to binary FirefoxBinary(C:\Program Files (x86)\Mozilla Firefox\firefox.exe) on port 7055; process output follows: <br/>
 on easyscreenshot@mozillaonline.com version 2.52<br/>
1516266147965	addons.xpi	DEBUG	Registering manifest for C:\Program Files (x86)\Mozilla Firefox\browser\features\firefox@getpocket.com.xpi<br/>
1516266147966	addons.xpi	DEBUG	Calling bootstrap method startup on firefox@getpocket.com version 1.0.5<br/>
1516266147966	addons.xpi	DEBUG	Registering manifest for C:\Program Files (x86)\Mozilla Firefox\browser\features\webcompat@mozilla.org.xpi<br/>
1516266147967	addons.xpi	DEBUG	Calling bootstrap method startup on webcompat@mozilla.org version 1.0<br/>
1516266147967	addons.xpi	DEBUG	Calling bootstrap method startup on wx-assistant@mozillaonline.com version 2.0.2<br/>
1516266147970	addons.manager	DEBUG	Registering shutdown blocker for XPIProvider<br/>
1516266147971	addons.manager	DEBUG	Provider finished startup: XPIProvider<br/>
1516266147971	addons.manager	DEBUG	Starting provider: LightweightThemeManager<br/>
1516266147971	addons.manager	DEBUG	Registering shutdown blocker for LightweightThemeManager<br/>
1516266147971	addons.manager	DEBUG	Provider finished startup: LightweightThemeManager<br/>
1516266147971	addons.manager	DEBUG	Starting provider: GMPProvider<br/>
1516266147978	addons.manager	DEBUG	Registering shutdown blocker for GMPProvider<br/>
1516266147978	addons.manager	DEBUG	Provider finished startup: GMPProvider<br/>
1516266147978	addons.manager	DEBUG	Starting provider: PluginProvider<br/>
1516266147979	addons.manager	DEBUG	Registering shutdown blocker for PluginProvider<br/>
1516266147979	addons.manager	DEBUG	Provider finished startup: PluginProvider<br/>
1516266147979	addons.manager	DEBUG	Completed startup sequence<br/>
JavaScript error: resource://cpmanager-clv/CCLVData.jsm, line 46: NS_NOINTERFACE: Component returned failure code: 0x80004002 (NS_NOINTERFACE) [nsIFileURL.file]<br/>
1516266148627	DeferredSave.extensions.json	DEBUG	Starting write<br/>
1516266148633	addons.manager	DEBUG	Starting provider: &lt;unnamed-provider&gt;<br/>
1516266148633	addons.manager	DEBUG	Registering shutdown blocker for &lt;unnamed-provider&gt;<br/>
1516266148633	addons.manager	DEBUG	Provider finished startup: &lt;unnamed-provider&gt;<br/>
JavaScript error: resource://cmsafeflag/SkipSBData.jsm, line 46: NS_NOINTERFACE: Component returned failure code: 0x80004002 (NS_NOINTERFACE) [nsIFileURL.file]<br/>
JavaScript error: resource://cmsafeflag/SkipSBData.jsm, line 85: TypeError: aFile is undefined<br/>
JavaScript error: resource://cmsafeflag/SkipSBData.jsm, line 85: TypeError: aFile is undefined<br/>
1516266148714	addons.webextension.wx-assistant@mozillaonline.com	WARN	Please specify whether you want browser_style or not in your browser_action options.<br/>
1516266149348	addons.repository	DEBUG	No addons.json found.<br/>
1516266149348	DeferredSave.addons.json	DEBUG	Save changes<br/>
1516266149353	DeferredSave.addons.json	DEBUG	Starting timer<br/>
1516266149371	addons.manager	DEBUG	Starting provider: PreviousExperimentProvider<br/>
1516266149371	addons.manager	DEBUG	Registering shutdown blocker for PreviousExperimentProvider<br/>
1516266149371	addons.manager	DEBUG	Provider finished startup: PreviousExperimentProvider<br/>
1516266149383	DeferredSave.extensions.json	DEBUG	Write succeeded<br/>
1516266149384	addons.xpi-utils	DEBUG	XPI Database saved, setting schema version preference to 19<br/>
JavaScript error: resource://cmsafeflag/SkipSBData.jsm, line 85: TypeError: aFile is undefined<br/>
1516266149412	DeferredSave.addons.json	DEBUG	Starting write<br/>
JavaScript error: resource://cmsafeflag/SkipSBData.jsm, line 85: TypeError: aFile is undefined<br/>
JavaScript error: resource://cmsafeflag/SkipSBData.jsm, line 85: TypeError: aFile is undefined<br/>
1516266149445	DeferredSave.addons.json	DEBUG	Write succeeded<br/>
JavaScript error: http://offlintab.firefoxchina.cn/static/preload.html, line 131: ReferenceError: mozIndexedDB is not defined<br/>
JavaScript error: resource://cmsafeflag/SkipSBData.jsm, line 85: TypeError: aFile is undefined<br/>
JavaScript error: resource://cmsafeflag/SkipSBData.jsm, line 85: TypeError: aFile is undefined<br/>
JavaScript error: resource://cmsafeflag/SkipSBData.jsm, line 85: TypeError: aFile is undefined<br/>
JavaScript error: resource://cmsafeflag/SkipSBData.jsm, line 85: TypeError: aFile is undefined<br/>
<br/>
Build info: version: &apos;2.50.0&apos;, revision: &apos;1070ace4650453d518aeb03e7a9a36c9d264a8e7&apos;, time: &apos;2016-01-27 10:46:18&apos;<br/>
System info: host: &apos;DS-YF-118&apos;, ip: &apos;10.8.70.159&apos;, os.name: &apos;Windows 7&apos;, os.arch: &apos;amd64&apos;, os.version: &apos;6.1&apos;, java.version: &apos;1.7.0_51&apos;<br/>
Driver info: driver.version: FirefoxDriver</b></a><br />
    <div class="stackTrace" id="exception-0">
              org.openqa.selenium.firefox.internal.NewProfileExtensionConnection.start(NewProfileExtensionConnection.java:135)<br />
              org.openqa.selenium.firefox.FirefoxDriver.startClient(FirefoxDriver.java:271)<br />
              org.openqa.selenium.remote.RemoteWebDriver.&lt;init&gt;(RemoteWebDriver.java:119)<br />
              org.openqa.selenium.firefox.FirefoxDriver.&lt;init&gt;(FirefoxDriver.java:216)<br />
              org.openqa.selenium.firefox.FirefoxDriver.&lt;init&gt;(FirefoxDriver.java:211)<br />
              org.openqa.selenium.firefox.FirefoxDriver.&lt;init&gt;(FirefoxDriver.java:207)<br />
              org.openqa.selenium.firefox.FirefoxDriver.&lt;init&gt;(FirefoxDriver.java:120)<br />
              com.ds.test.testcases.PC.newCarOrder.testCreateOrder_PC.setUp(testCreateOrder_PC.java:34)<br />
              sun.reflect.NativeMethodAccessorImpl.invoke0(Native Method)<br />
              sun.reflect.NativeMethodAccessorImpl.invoke(Unknown Source)<br />
              sun.reflect.DelegatingMethodAccessorImpl.invoke(Unknown Source)<br />
              java.lang.reflect.Method.invoke(Unknown Source)<br />
              org.testng.internal.MethodInvocationHelper.invokeMethod(MethodInvocationHelper.java:84)<br />
              org.testng.internal.Invoker.invokeConfigurationMethod(Invoker.java:564)<br />
              org.testng.internal.Invoker.invokeConfigurations(Invoker.java:213)<br />
              org.testng.internal.Invoker.invokeConfigurations(Invoker.java:138)<br />
              org.testng.internal.TestMethodWorker.invokeBeforeClassMethods(TestMethodWorker.java:175)<br />
              org.testng.internal.TestMethodWorker.run(TestMethodWorker.java:107)<br />
              org.testng.TestRunner.privateRun(TestRunner.java:767)<br />
              org.testng.TestRunner.run(TestRunner.java:617)<br />
              org.testng.SuiteRunner.runTest(SuiteRunner.java:335)<br />
              org.testng.SuiteRunner.runSequentially(SuiteRunner.java:330)<br />
              org.testng.SuiteRunner.privateRun(SuiteRunner.java:291)<br />
              org.testng.SuiteRunner.run(SuiteRunner.java:240)<br />
              org.testng.SuiteRunnerWorker.runSuite(SuiteRunnerWorker.java:52)<br />
              org.testng.SuiteRunnerWorker.run(SuiteRunnerWorker.java:86)<br />
              org.testng.TestNG.runSuitesSequentially(TestNG.java:1224)<br />
              org.testng.TestNG.runSuitesLocally(TestNG.java:1149)<br />
              org.testng.TestNG.run(TestNG.java:1057)<br />
              org.testng.remote.RemoteTestNG.run(RemoteTestNG.java:111)<br />
              org.testng.remote.RemoteTestNG.initAndRun(RemoteTestNG.java:204)<br />
              org.testng.remote.RemoteTestNG.main(RemoteTestNG.java:175)<br />
                    <b>Caused by: </b> <a href="javascript:toggleElement('exception-1', 'block')" title="Click to expand/collapse">org.openqa.selenium.firefox.NotConnectedException: Unable to connect to host 127.0.0.1 on port 7055 after 45000 ms. Firefox console output:<br/>
 on easyscreenshot@mozillaonline.com version 2.52<br/>
1516266147965	addons.xpi	DEBUG	Registering manifest for C:\Program Files (x86)\Mozilla Firefox\browser\features\firefox@getpocket.com.xpi<br/>
1516266147966	addons.xpi	DEBUG	Calling bootstrap method startup on firefox@getpocket.com version 1.0.5<br/>
1516266147966	addons.xpi	DEBUG	Registering manifest for C:\Program Files (x86)\Mozilla Firefox\browser\features\webcompat@mozilla.org.xpi<br/>
1516266147967	addons.xpi	DEBUG	Calling bootstrap method startup on webcompat@mozilla.org version 1.0<br/>
1516266147967	addons.xpi	DEBUG	Calling bootstrap method startup on wx-assistant@mozillaonline.com version 2.0.2<br/>
1516266147970	addons.manager	DEBUG	Registering shutdown blocker for XPIProvider<br/>
1516266147971	addons.manager	DEBUG	Provider finished startup: XPIProvider<br/>
1516266147971	addons.manager	DEBUG	Starting provider: LightweightThemeManager<br/>
1516266147971	addons.manager	DEBUG	Registering shutdown blocker for LightweightThemeManager<br/>
1516266147971	addons.manager	DEBUG	Provider finished startup: LightweightThemeManager<br/>
1516266147971	addons.manager	DEBUG	Starting provider: GMPProvider<br/>
1516266147978	addons.manager	DEBUG	Registering shutdown blocker for GMPProvider<br/>
1516266147978	addons.manager	DEBUG	Provider finished startup: GMPProvider<br/>
1516266147978	addons.manager	DEBUG	Starting provider: PluginProvider<br/>
1516266147979	addons.manager	DEBUG	Registering shutdown blocker for PluginProvider<br/>
1516266147979	addons.manager	DEBUG	Provider finished startup: PluginProvider<br/>
1516266147979	addons.manager	DEBUG	Completed startup sequence<br/>
JavaScript error: resource://cpmanager-clv/CCLVData.jsm, line 46: NS_NOINTERFACE: Component returned failure code: 0x80004002 (NS_NOINTERFACE) [nsIFileURL.file]<br/>
1516266148627	DeferredSave.extensions.json	DEBUG	Starting write<br/>
1516266148633	addons.manager	DEBUG	Starting provider: &lt;unnamed-provider&gt;<br/>
1516266148633	addons.manager	DEBUG	Registering shutdown blocker for &lt;unnamed-provider&gt;<br/>
1516266148633	addons.manager	DEBUG	Provider finished startup: &lt;unnamed-provider&gt;<br/>
JavaScript error: resource://cmsafeflag/SkipSBData.jsm, line 46: NS_NOINTERFACE: Component returned failure code: 0x80004002 (NS_NOINTERFACE) [nsIFileURL.file]<br/>
JavaScript error: resource://cmsafeflag/SkipSBData.jsm, line 85: TypeError: aFile is undefined<br/>
JavaScript error: resource://cmsafeflag/SkipSBData.jsm, line 85: TypeError: aFile is undefined<br/>
1516266148714	addons.webextension.wx-assistant@mozillaonline.com	WARN	Please specify whether you want browser_style or not in your browser_action options.<br/>
1516266149348	addons.repository	DEBUG	No addons.json found.<br/>
1516266149348	DeferredSave.addons.json	DEBUG	Save changes<br/>
1516266149353	DeferredSave.addons.json	DEBUG	Starting timer<br/>
1516266149371	addons.manager	DEBUG	Starting provider: PreviousExperimentProvider<br/>
1516266149371	addons.manager	DEBUG	Registering shutdown blocker for PreviousExperimentProvider<br/>
1516266149371	addons.manager	DEBUG	Provider finished startup: PreviousExperimentProvider<br/>
1516266149383	DeferredSave.extensions.json	DEBUG	Write succeeded<br/>
1516266149384	addons.xpi-utils	DEBUG	XPI Database saved, setting schema version preference to 19<br/>
JavaScript error: resource://cmsafeflag/SkipSBData.jsm, line 85: TypeError: aFile is undefined<br/>
1516266149412	DeferredSave.addons.json	DEBUG	Starting write<br/>
JavaScript error: resource://cmsafeflag/SkipSBData.jsm, line 85: TypeError: aFile is undefined<br/>
JavaScript error: resource://cmsafeflag/SkipSBData.jsm, line 85: TypeError: aFile is undefined<br/>
1516266149445	DeferredSave.addons.json	DEBUG	Write succeeded<br/>
JavaScript error: http://offlintab.firefoxchina.cn/static/preload.html, line 131: ReferenceError: mozIndexedDB is not defined<br/>
JavaScript error: resource://cmsafeflag/SkipSBData.jsm, line 85: TypeError: aFile is undefined<br/>
JavaScript error: resource://cmsafeflag/SkipSBData.jsm, line 85: TypeError: aFile is undefined<br/>
JavaScript error: resource://cmsafeflag/SkipSBData.jsm, line 85: TypeError: aFile is undefined<br/>
JavaScript error: resource://cmsafeflag/SkipSBData.jsm, line 85: TypeError: aFile is undefined<br/>
</a><br />
        <div class="stackTrace" id="exception-1">
                      org.openqa.selenium.firefox.internal.NewProfileExtensionConnection.start(NewProfileExtensionConnection.java:123)<br />
                      org.openqa.selenium.firefox.FirefoxDriver.startClient(FirefoxDriver.java:271)<br />
                      org.openqa.selenium.remote.RemoteWebDriver.&lt;init&gt;(RemoteWebDriver.java:119)<br />
                      org.openqa.selenium.firefox.FirefoxDriver.&lt;init&gt;(FirefoxDriver.java:216)<br />
                      org.openqa.selenium.firefox.FirefoxDriver.&lt;init&gt;(FirefoxDriver.java:211)<br />
                      org.openqa.selenium.firefox.FirefoxDriver.&lt;init&gt;(FirefoxDriver.java:207)<br />
                      org.openqa.selenium.firefox.FirefoxDriver.&lt;init&gt;(FirefoxDriver.java:120)<br />
                      com.ds.test.testcases.PC.newCarOrder.testCreateOrder_PC.setUp(testCreateOrder_PC.java:34)<br />
                      sun.reflect.NativeMethodAccessorImpl.invoke0(Native Method)<br />
                      sun.reflect.NativeMethodAccessorImpl.invoke(Unknown Source)<br />
                      sun.reflect.DelegatingMethodAccessorImpl.invoke(Unknown Source)<br />
                      java.lang.reflect.Method.invoke(Unknown Source)<br />
                      org.testng.internal.MethodInvocationHelper.invokeMethod(MethodInvocationHelper.java:84)<br />
                      org.testng.internal.Invoker.invokeConfigurationMethod(Invoker.java:564)<br />
                      org.testng.internal.Invoker.invokeConfigurations(Invoker.java:213)<br />
                      org.testng.internal.Invoker.invokeConfigurations(Invoker.java:138)<br />
                      org.testng.internal.TestMethodWorker.invokeBeforeClassMethods(TestMethodWorker.java:175)<br />
                      org.testng.internal.TestMethodWorker.run(TestMethodWorker.java:107)<br />
                      org.testng.TestRunner.privateRun(TestRunner.java:767)<br />
                      org.testng.TestRunner.run(TestRunner.java:617)<br />
                      org.testng.SuiteRunner.runTest(SuiteRunner.java:335)<br />
                      org.testng.SuiteRunner.runSequentially(SuiteRunner.java:330)<br />
                      org.testng.SuiteRunner.privateRun(SuiteRunner.java:291)<br />
                      org.testng.SuiteRunner.run(SuiteRunner.java:240)<br />
                      org.testng.SuiteRunnerWorker.runSuite(SuiteRunnerWorker.java:52)<br />
                      org.testng.SuiteRunnerWorker.run(SuiteRunnerWorker.java:86)<br />
                      org.testng.TestNG.runSuitesSequentially(TestNG.java:1224)<br />
                      org.testng.TestNG.runSuitesLocally(TestNG.java:1149)<br />
                      org.testng.TestNG.run(TestNG.java:1057)<br />
                      org.testng.remote.RemoteTestNG.run(RemoteTestNG.java:111)<br />
                      org.testng.remote.RemoteTestNG.initAndRun(RemoteTestNG.java:204)<br />
                      org.testng.remote.RemoteTestNG.main(RemoteTestNG.java:175)<br />
                  </div>
          </div>
      </td>
</tr>
    
          <tr><td colspan="3">&nbsp;</td></tr>
      <tr><td colspan="3" class="header skippedConfig">Skipped Configuration</td></tr>
                    <tr>
          <td colspan="3" class="group">com.ds.test.testcases.PC.newCarOrder.testCreateOrder_PC</td>
        </tr>
                
<tr>
  <td class="method">
                  tearDown
      </td>
  <td class="duration">
    0.000s
  </td>
  <td class="result">
                               
    
        

      </td>
</tr>
            </table>



  <table class="resultsTable" width="100%">
    <tr><th colspan="3" class="header skipped">Skipped Tests</th></tr>
          <tr>
        <td colspan="3" class="group">com.ds.test.testcases.PC.newCarOrder.testCreateOrder_PC</td>
      </tr>
            
<tr>
  <td class="method">
                  <span class="description" title="testSearchTheProduct">test_1_SearchTheProduct</span>
      </td>
  <td class="duration">
    0.000s
  </td>
  <td class="result">
                               
    
        

      </td>
</tr>
<tr>
  <td class="method">
                  <span class="description" title="testClickTheSearchedProduct">test_2_ClickTheSearchedProduct</span>
      </td>
  <td class="duration">
    0.001s
  </td>
  <td class="result">
                               
    
        

      </td>
</tr>
<tr>
  <td class="method">
                  <span class="description" title="testAddTheSearchedProductToCart">test_3_AddTheSearchedProductToCart</span>
      </td>
  <td class="duration">
    0.001s
  </td>
  <td class="result">
                               
    
        

      </td>
</tr>
<tr>
  <td class="method">
                  <span class="description" title="testGoToOrder">test_5_GoToOrder</span>
      </td>
  <td class="duration">
    0.001s
  </td>
  <td class="result">
                               
    
        

      </td>
</tr>
<tr>
  <td class="method">
                  <span class="description" title="testSubmitOrder">test_6_SubmitOrder</span>
      </td>
  <td class="duration">
    0.000s
  </td>
  <td class="result">
                               
    
        

      </td>
</tr>
<tr>
  <td class="method">
                  <span class="description" title="testCancelOrder">test_7_CancelOrder</span>
      </td>
  <td class="duration">
    0.000s
  </td>
  <td class="result">
                               
    
        

      </td>
</tr>
      </table>

  
</body>
</html>
