<?xml version="1.0" encoding="UTF-8"?>
<testsuite name="PC.DS Testing for Account"
           tests="2"
           failures="1"
           errors="0"
           skipped="0"
           time="9.425">
  <properties />
            <testcase name="test_AccountLoginWithWrongPassword" time="0.000" classname="com.ds.testcases.NewTest">
                <failure type="org.testng.TestNGException"
                  message="
Parameter &apos;Wpassword&apos; is required by @Test on method test_AccountLoginWithWrongPassword but has not been marked @Optional or defined
in D:\AntomationTesting\workspace\AntotestForAPP\ProductEvi\gstzyForProEvi_PC.xml"
              >
<![CDATA[org.testng.TestNGException: 
Parameter 'Wpassword' is required by @Test on method test_AccountLoginWithWrongPassword but has not been marked @Optional or defined
in D:\AntomationTesting\workspace\AntotestForAPP\ProductEvi\gstzyForProEvi_PC.xml
  org.testng.internal.Parameters.createParameters(Parameters.java:155)
  org.testng.internal.Parameters.createParameters(Parameters.java:358)
  org.testng.internal.Parameters.handleParameters(Parameters.java:450)
  org.testng.internal.Invoker.handleParameters(Invoker.java:1383)
  org.testng.internal.Invoker.createParameters(Invoker.java:1075)
  org.testng.internal.Invoker.invokeTestMethods(Invoker.java:1180)
  org.testng.internal.TestMethodWorker.invokeTestMethods(TestMethodWorker.java:127)
  org.testng.internal.TestMethodWorker.run(TestMethodWorker.java:111)
  org.testng.TestRunner.privateRun(TestRunner.java:767)
  org.testng.TestRunner.run(TestRunner.java:617)
  org.testng.SuiteRunner.runTest(SuiteRunner.java:335)
  org.testng.SuiteRunner.runSequentially(SuiteRunner.java:330)
  org.testng.SuiteRunner.privateRun(SuiteRunner.java:291)
  org.testng.SuiteRunner.run(SuiteRunner.java:240)
  org.testng.SuiteRunnerWorker.runSuite(SuiteRunnerWorker.java:52)
  org.testng.SuiteRunnerWorker.run(SuiteRunnerWorker.java:86)
  org.testng.TestNG.runSuitesSequentially(TestNG.java:1224)
  org.testng.TestNG.runSuitesLocally(TestNG.java:1149)
  org.testng.TestNG.run(TestNG.java:1057)
  org.testng.remote.RemoteTestNG.run(RemoteTestNG.java:111)
  org.testng.remote.RemoteTestNG.initAndRun(RemoteTestNG.java:204)
  org.testng.remote.RemoteTestNG.main(RemoteTestNG.java:175)
]]>
      </failure>

          </testcase>
  
  
            <testcase name="test_AccountLogin" time="9.425" classname="com.ds.testcases.NewTest" />
      
</testsuite>
