<?xml version="1.0" encoding="UTF-8"?>
<testsuite name="PC.DS Testing for Account"
           tests="4"
           failures="2"
           errors="0"
           skipped="2"
           time="0.001">
  <properties />
            <testcase name="setUp" time="0.000" classname="com.ds.testcases.testAccount">
                <failure type="org.openqa.selenium.remote.SessionNotFoundException"
                  message="
Command duration or timeout: 18 milliseconds
Build info: version: &apos;2.50.0&apos;, revision: &apos;1070ace4650453d518aeb03e7a9a36c9d264a8e7&apos;, time: &apos;2016-01-27 10:46:18&apos;
System info: host: &apos;DS-YF-118&apos;, ip: &apos;192.168.56.1&apos;, os.name: &apos;Windows 7&apos;, os.arch: &apos;amd64&apos;, os.version: &apos;6.1&apos;, java.version: &apos;1.7.0_51&apos;
Session ID: 4b75f4c2-0cff-4baa-a727-fdf236e0754e
Driver info: io.appium.java_client.android.AndroidDriver
Capabilities [{automationName=Appium, platform=LINUX, app=d:\apptest\run\PRO\apps\com.dscf.a_2.7.3_1048619.apk, javascriptEnabled=true, browserName=Android, networkConnectionEnabled=true, desired={newCommandTimeout=120, automationName=Appium, app=d:\apptest\run\PRO\apps\com.dscf.a_2.7.3_1048619.apk, platformVersion=4.4, deviceName=Android Emulator, platformName=Android, appPackage=com.dscf.a, noReset=true}, locationContextEnabled=false, appPackage=com.dscf.a, noReset=true, newCommandTimeout=120, platformVersion=5.0, databaseEnabled=false, deviceName=19299651, platformName=Android, webStorageEnabled=false, warnings={}, takesScreenshot=true}]"
              >
<![CDATA[org.openqa.selenium.remote.SessionNotFoundException: 
Command duration or timeout: 18 milliseconds
Build info: version: '2.50.0', revision: '1070ace4650453d518aeb03e7a9a36c9d264a8e7', time: '2016-01-27 10:46:18'
System info: host: 'DS-YF-118', ip: '192.168.56.1', os.name: 'Windows 7', os.arch: 'amd64', os.version: '6.1', java.version: '1.7.0_51'
Session ID: 4b75f4c2-0cff-4baa-a727-fdf236e0754e
Driver info: io.appium.java_client.android.AndroidDriver
Capabilities [{automationName=Appium, platform=LINUX, app=d:\apptest\run\PRO\apps\com.dscf.a_2.7.3_1048619.apk, javascriptEnabled=true, browserName=Android, networkConnectionEnabled=true, desired={newCommandTimeout=120, automationName=Appium, app=d:\apptest\run\PRO\apps\com.dscf.a_2.7.3_1048619.apk, platformVersion=4.4, deviceName=Android Emulator, platformName=Android, appPackage=com.dscf.a, noReset=true}, locationContextEnabled=false, appPackage=com.dscf.a, noReset=true, newCommandTimeout=120, platformVersion=5.0, databaseEnabled=false, deviceName=19299651, platformName=Android, webStorageEnabled=false, warnings={}, takesScreenshot=true}]
  sun.reflect.NativeConstructorAccessorImpl.newInstance0(Native Method)
  sun.reflect.NativeConstructorAccessorImpl.newInstance(Unknown Source)
  sun.reflect.DelegatingConstructorAccessorImpl.newInstance(Unknown Source)
  java.lang.reflect.Constructor.newInstance(Unknown Source)
  org.openqa.selenium.remote.ErrorHandler.createThrowable(ErrorHandler.java:206)
  org.openqa.selenium.remote.ErrorHandler.throwIfResponseFailed(ErrorHandler.java:164)
  org.openqa.selenium.remote.RemoteWebDriver.execute(RemoteWebDriver.java:678)
  io.appium.java_client.DefaultGenericMobileDriver.execute(DefaultGenericMobileDriver.java:42)
  io.appium.java_client.AppiumDriver.execute(AppiumDriver.java:189)
  org.openqa.selenium.remote.RemoteWebDriver.getScreenshotAs(RemoteWebDriver.java:335)
  com.ds.util.Snapshot.snapshot(Snapshot.java:41)
  com.ds.testcases.testAccount.setUp(testAccount.java:67)
  sun.reflect.NativeMethodAccessorImpl.invoke0(Native Method)
  sun.reflect.NativeMethodAccessorImpl.invoke(Unknown Source)
  sun.reflect.DelegatingMethodAccessorImpl.invoke(Unknown Source)
  java.lang.reflect.Method.invoke(Unknown Source)
  org.testng.internal.MethodInvocationHelper.invokeMethod(MethodInvocationHelper.java:84)
  org.testng.internal.Invoker.invokeConfigurationMethod(Invoker.java:564)
  org.testng.internal.Invoker.invokeConfigurations(Invoker.java:213)
  org.testng.internal.Invoker.invokeConfigurations(Invoker.java:138)
  org.testng.internal.TestMethodWorker.invokeBeforeClassMethods(TestMethodWorker.java:175)
  org.testng.internal.TestMethodWorker.run(TestMethodWorker.java:107)
  org.testng.TestRunner.privateRun(TestRunner.java:767)
  org.testng.TestRunner.run(TestRunner.java:617)
  org.testng.SuiteRunner.runTest(SuiteRunner.java:335)
  org.testng.SuiteRunner.runSequentially(SuiteRunner.java:330)
  org.testng.SuiteRunner.privateRun(SuiteRunner.java:291)
  org.testng.SuiteRunner.run(SuiteRunner.java:240)
  org.testng.SuiteRunnerWorker.runSuite(SuiteRunnerWorker.java:52)
  org.testng.SuiteRunnerWorker.run(SuiteRunnerWorker.java:86)
  org.testng.TestNG.runSuitesSequentially(TestNG.java:1224)
  org.testng.TestNG.runSuitesLocally(TestNG.java:1149)
  org.testng.TestNG.run(TestNG.java:1057)
  org.testng.remote.RemoteTestNG.run(RemoteTestNG.java:111)
  org.testng.remote.RemoteTestNG.initAndRun(RemoteTestNG.java:204)
  org.testng.remote.RemoteTestNG.main(RemoteTestNG.java:175)
]]>
      </failure>

          </testcase>
            <testcase name="test_AccountLoginWithWrongPassword" time="0.000" classname="com.ds.testcases.testAccount">
                <failure type="org.testng.TestNGException"
                  message="
Parameter &apos;Wpassword&apos; is required by @Test on method test_AccountLoginWithWrongPassword but has not been marked @Optional or defined
in D:\AntomationTesting\workspace\AntotestForAPP\ProductEvi\gstzyForProEvi_PC.xml"
              >
<![CDATA[org.testng.TestNGException: 
Parameter 'Wpassword' is required by @Test on method test_AccountLoginWithWrongPassword but has not been marked @Optional or defined
in D:\AntomationTesting\workspace\AntotestForAPP\ProductEvi\gstzyForProEvi_PC.xml
  org.testng.internal.Parameters.createParameters(Parameters.java:155)
  org.testng.internal.Parameters.createParameters(Parameters.java:358)
  org.testng.internal.Parameters.handleParameters(Parameters.java:450)
  org.testng.internal.Invoker.handleParameters(Invoker.java:1383)
  org.testng.internal.Invoker.createParameters(Invoker.java:1075)
  org.testng.internal.Invoker.invokeTestMethods(Invoker.java:1180)
  org.testng.internal.TestMethodWorker.invokeTestMethods(TestMethodWorker.java:127)
  org.testng.internal.TestMethodWorker.run(TestMethodWorker.java:111)
  org.testng.TestRunner.privateRun(TestRunner.java:767)
  org.testng.TestRunner.run(TestRunner.java:617)
  org.testng.SuiteRunner.runTest(SuiteRunner.java:335)
  org.testng.SuiteRunner.runSequentially(SuiteRunner.java:330)
  org.testng.SuiteRunner.privateRun(SuiteRunner.java:291)
  org.testng.SuiteRunner.run(SuiteRunner.java:240)
  org.testng.SuiteRunnerWorker.runSuite(SuiteRunnerWorker.java:52)
  org.testng.SuiteRunnerWorker.run(SuiteRunnerWorker.java:86)
  org.testng.TestNG.runSuitesSequentially(TestNG.java:1224)
  org.testng.TestNG.runSuitesLocally(TestNG.java:1149)
  org.testng.TestNG.run(TestNG.java:1057)
  org.testng.remote.RemoteTestNG.run(RemoteTestNG.java:111)
  org.testng.remote.RemoteTestNG.initAndRun(RemoteTestNG.java:204)
  org.testng.remote.RemoteTestNG.main(RemoteTestNG.java:175)
]]>
      </failure>

          </testcase>
  
            <testcase name="tearDown" time="0.0" classname="com.ds.testcases.testAccount">
          <skipped />
    </testcase>
            <testcase name="test_AccountLogin" time="0.0" classname="com.ds.testcases.testAccount">
          <skipped />
    </testcase>
  
  
</testsuite>
