<!DOCTYPE html PUBLIC "-//W3C//DTD XHTML 1.1//EN" "http://www.w3.org/TR/xhtml11/DTD/xhtml11.dtd">
<html xmlns="http://www.w3.org/1999/xhtml"><head><title>TestNG Report</title><style type="text/css">table {margin-bottom:10px;border-collapse:collapse;empty-cells:show}th,td {border:1px solid #009;padding:.25em .5em}th {vertical-align:bottom}td {vertical-align:top}table a {font-weight:bold}.stripe td {background-color: #E6EBF9}.num {text-align:right}.passedodd td {background-color: #3F3}.passedeven td {background-color: #0A0}.skippedodd td {background-color: #DDD}.skippedeven td {background-color: #CCC}.failedodd td,.attn {background-color: #F33}.failedeven td,.stripe .attn {background-color: #D00}.stacktrace {white-space:pre;font-family:monospace}.totop {font-size:85%;text-align:center;border-bottom:2px solid #000}</style></head><body><table><tr><th>Test</th><th># Passed</th><th># Skipped</th><th># Failed</th><th>Time (ms)</th><th>Included Groups</th><th>Excluded Groups</th></tr><tr><th colspan="7">360Kad automated testing Suite PC</th></tr><tr><td><a href="#t0">PC.DS Testing for Account</a></td><td class="num">1</td><td class="num attn">7</td><td class="num attn">2</td><td class="num">75,106</td><td></td><td></td></tr></table><table><thead><tr><th>Class</th><th>Method</th><th>Start</th><th>Time (ms)</th></tr></thead><tbody><tr><th colspan="4">360Kad automated testing Suite PC</th></tr></tbody><tbody id="t0"><tr><th colspan="4">PC.DS Testing for Account &#8212; failed (configuration methods)</th></tr><tr class="failedeven"><td rowspan="1">com.ds.testcases.testAccount</td><td><a href="#m0">setUp</a></td><td rowspan="1">1559097765407</td><td rowspan="1">0</td></tr><tr class="failedodd"><td rowspan="1">com.ds.testcases.testCreateOrder_PC</td><td><a href="#m1">setUp</a></td><td rowspan="1">1559097798181</td><td rowspan="1">0</td></tr><tr><th colspan="4">PC.DS Testing for Account &#8212; failed</th></tr><tr class="failedeven"><td rowspan="1">com.ds.testcases.NewTest</td><td><a href="#m2">test_AccountLoginWithWrongPassword</a></td><td rowspan="1">1559097765403</td><td rowspan="1">0</td></tr><tr class="failedodd"><td rowspan="1">com.ds.testcases.testAccount</td><td><a href="#m3">test_AccountLoginWithWrongPassword</a></td><td rowspan="1">1559097798179</td><td rowspan="1">0</td></tr><tr><th colspan="4">PC.DS Testing for Account &#8212; skipped (configuration methods)</th></tr><tr class="skippedeven"><td rowspan="1">com.ds.testcases.testAccount</td><td><a href="#m4">tearDown</a></td><td rowspan="1">1559097798181</td><td rowspan="1">0</td></tr><tr class="skippedodd"><td rowspan="1">com.ds.testcases.testCreateOrder_PC</td><td><a href="#m5">tearDown</a></td><td rowspan="1">1559097798190</td><td rowspan="1">0</td></tr><tr><th colspan="4">PC.DS Testing for Account &#8212; skipped</th></tr><tr class="skippedeven"><td rowspan="1">com.ds.testcases.testAccount</td><td><a href="#m6">test_AccountLogin</a></td><td rowspan="1">1559097798178</td><td rowspan="1">1</td></tr><tr class="skippedodd"><td rowspan="6">com.ds.testcases.testCreateOrder_PC</td><td><a href="#m7">test_1_SearchTheProduct</a></td><td rowspan="1">1559097798183</td><td rowspan="1">0</td></tr><tr class="skippedodd"><td><a href="#m8">test_2_ClickTheSearchedProduct</a></td><td rowspan="1">1559097798184</td><td rowspan="1">1</td></tr><tr class="skippedodd"><td><a href="#m9">test_3_AddTheSearchedProductToCart</a></td><td rowspan="1">1559097798186</td><td rowspan="1">0</td></tr><tr class="skippedodd"><td><a href="#m10">test_5_GoToOrder</a></td><td rowspan="1">1559097798187</td><td rowspan="1">1</td></tr><tr class="skippedodd"><td><a href="#m11">test_6_SubmitOrder</a></td><td rowspan="1">1559097798188</td><td rowspan="1">1</td></tr><tr class="skippedodd"><td><a href="#m12">test_7_CancelOrder</a></td><td rowspan="1">1559097798189</td><td rowspan="1">1</td></tr><tr><th colspan="4">PC.DS Testing for Account &#8212; passed</th></tr><tr class="passedeven"><td rowspan="1">com.ds.testcases.NewTest</td><td><a href="#m13">test_AccountLogin</a></td><td rowspan="1">1559097755976</td><td rowspan="1">9425</td></tr></tbody></table><h2>PC.DS Testing for Account</h2><h3 id="m0">com.ds.testcases.testAccount#setUp</h3><table class="result"><tr><th>Exception</th></tr><tr><td><div class="stacktrace">org.openqa.selenium.remote.SessionNotFoundException: 
Command duration or timeout: 18 milliseconds
Build info: version: &apos;2.50.0&apos;, revision: &apos;1070ace4650453d518aeb03e7a9a36c9d264a8e7&apos;, time: &apos;2016-01-27 10:46:18&apos;
System info: host: &apos;DS-YF-118&apos;, ip: &apos;192.168.56.1&apos;, os.name: &apos;Windows 7&apos;, os.arch: &apos;amd64&apos;, os.version: &apos;6.1&apos;, java.version: &apos;1.7.0_51&apos;
Session ID: 4b75f4c2-0cff-4baa-a727-fdf236e0754e
Driver info: io.appium.java_client.android.AndroidDriver
Capabilities [{automationName=Appium, platform=LINUX, app=d:\apptest\run\PRO\apps\com.dscf.a_2.7.3_1048619.apk, javascriptEnabled=true, browserName=Android, networkConnectionEnabled=true, desired={newCommandTimeout=120, automationName=Appium, app=d:\apptest\run\PRO\apps\com.dscf.a_2.7.3_1048619.apk, platformVersion=4.4, deviceName=Android Emulator, platformName=Android, appPackage=com.dscf.a, noReset=true}, locationContextEnabled=false, appPackage=com.dscf.a, noReset=true, newCommandTimeout=120, platformVersion=5.0, databaseEnabled=false, deviceName=19299651, platformName=Android, webStorageEnabled=false, warnings={}, takesScreenshot=true}]
	at org.openqa.selenium.remote.ErrorHandler.createThrowable(ErrorHandler.java:206)
	at org.openqa.selenium.remote.ErrorHandler.throwIfResponseFailed(ErrorHandler.java:164)
	at org.openqa.selenium.remote.RemoteWebDriver.execute(RemoteWebDriver.java:678)
	at io.appium.java_client.DefaultGenericMobileDriver.execute(DefaultGenericMobileDriver.java:42)
	at io.appium.java_client.AppiumDriver.execute(AppiumDriver.java:189)
	at org.openqa.selenium.remote.RemoteWebDriver.getScreenshotAs(RemoteWebDriver.java:335)
	at com.ds.util.Snapshot.snapshot(Snapshot.java:41)
	at com.ds.testcases.testAccount.setUp(testAccount.java:67)
... Removed 28 stack frames</div></td></tr></table><p class="totop"><a href="#summary">back to summary</a></p><h3 id="m1">com.ds.testcases.testCreateOrder_PC#setUp</h3><table class="result"><tr><th>Exception</th></tr><tr><td><div class="stacktrace">org.testng.TestNGException: 
Parameter &apos;website&apos; is required by @Configuration on method setUp but has not been marked @Optional or defined
in D:\AntomationTesting\workspace\AntotestForAPP\ProductEvi\gstzyForProEvi_PC.xml
... Removed 21 stack frames</div></td></tr></table><p class="totop"><a href="#summary">back to summary</a></p><h3 id="m2">com.ds.testcases.NewTest#test_AccountLoginWithWrongPassword</h3><table class="result"><tr><th>Exception</th></tr><tr><td><div class="stacktrace">org.testng.TestNGException: 
Parameter &apos;Wpassword&apos; is required by @Test on method test_AccountLoginWithWrongPassword but has not been marked @Optional or defined
in D:\AntomationTesting\workspace\AntotestForAPP\ProductEvi\gstzyForProEvi_PC.xml
... Removed 22 stack frames</div></td></tr></table><p class="totop"><a href="#summary">back to summary</a></p><h3 id="m3">com.ds.testcases.testAccount#test_AccountLoginWithWrongPassword</h3><table class="result"><tr><th>Exception</th></tr><tr><td><div class="stacktrace">org.testng.TestNGException: 
Parameter &apos;Wpassword&apos; is required by @Test on method test_AccountLoginWithWrongPassword but has not been marked @Optional or defined
in D:\AntomationTesting\workspace\AntotestForAPP\ProductEvi\gstzyForProEvi_PC.xml
... Removed 22 stack frames</div></td></tr></table><p class="totop"><a href="#summary">back to summary</a></p><h3 id="m4">com.ds.testcases.testAccount#tearDown</h3><table class="result"></table><p class="totop"><a href="#summary">back to summary</a></p><h3 id="m5">com.ds.testcases.testCreateOrder_PC#tearDown</h3><table class="result"></table><p class="totop"><a href="#summary">back to summary</a></p><h3 id="m6">com.ds.testcases.testAccount#test_AccountLogin</h3><table class="result"><tr class="param"><th>Parameter #1</th><th>Parameter #2</th></tr><tr class="param stripe"><td>18520154073</td><td>222222</td></tr></table><p class="totop"><a href="#summary">back to summary</a></p><h3 id="m7">com.ds.testcases.testCreateOrder_PC#test_1_SearchTheProduct</h3><table class="result"></table><p class="totop"><a href="#summary">back to summary</a></p><h3 id="m8">com.ds.testcases.testCreateOrder_PC#test_2_ClickTheSearchedProduct</h3><table class="result"></table><p class="totop"><a href="#summary">back to summary</a></p><h3 id="m9">com.ds.testcases.testCreateOrder_PC#test_3_AddTheSearchedProductToCart</h3><table class="result"></table><p class="totop"><a href="#summary">back to summary</a></p><h3 id="m10">com.ds.testcases.testCreateOrder_PC#test_5_GoToOrder</h3><table class="result"></table><p class="totop"><a href="#summary">back to summary</a></p><h3 id="m11">com.ds.testcases.testCreateOrder_PC#test_6_SubmitOrder</h3><table class="result"></table><p class="totop"><a href="#summary">back to summary</a></p><h3 id="m12">com.ds.testcases.testCreateOrder_PC#test_7_CancelOrder</h3><table class="result"></table><p class="totop"><a href="#summary">back to summary</a></p><h3 id="m13">com.ds.testcases.NewTest#test_AccountLogin</h3><table class="result"><tr class="param"><th>Parameter #1</th><th>Parameter #2</th></tr><tr class="param stripe"><td>18520154073</td><td>222222</td></tr></table><p class="totop"><a href="#summary">back to summary</a></p></body></html>